[debug] [2025-07-01T14:23:57.544Z] ----------------------------------------------------------------------
[debug] [2025-07-01T14:23:57.546Z] Command:       C:\nodejs\node.exe C:\Users\bueno\AppData\Roaming\npm\node_modules\firebase-tools\lib\bin\firebase.js deploy --only hosting --dry-run
[debug] [2025-07-01T14:23:57.546Z] CLI Version:   14.9.0
[debug] [2025-07-01T14:23:57.546Z] Platform:      win32
[debug] [2025-07-01T14:23:57.546Z] Node Version:  v20.11.1
[debug] [2025-07-01T14:23:57.546Z] Time:          Tue Jul 01 2025 16:23:57 GMT+0200 (hora de verano de Europa central)
[debug] [2025-07-01T14:23:57.546Z] ----------------------------------------------------------------------
[debug] 
[debug] [2025-07-01T14:23:57.656Z] > command requires scopes: ["email","openid","https://www.googleapis.com/auth/cloudplatformprojects.readonly","https://www.googleapis.com/auth/firebase","https://www.googleapis.com/auth/cloud-platform"]
[debug] [2025-07-01T14:23:57.656Z] > authorizing via signed-in user (buenovallejo@gmail.com)
[debug] [2025-07-01T14:23:57.657Z] [iam] checking project davidbuenov-d136c for permissions ["firebase.projects.get","firebasehosting.sites.update"]
[debug] [2025-07-01T14:23:57.657Z] Checked if tokens are valid: false, expires at: 1738584029370
[debug] [2025-07-01T14:23:57.657Z] Checked if tokens are valid: false, expires at: 1738584029370
[debug] [2025-07-01T14:23:57.658Z] > refreshing access token with scopes: []
[debug] [2025-07-01T14:23:57.659Z] >>> [apiv2][query] POST https://www.googleapis.com/oauth2/v3/token [none]
[debug] [2025-07-01T14:23:57.659Z] >>> [apiv2][body] POST https://www.googleapis.com/oauth2/v3/token [omitted]
[debug] [2025-07-01T14:23:57.802Z] <<< [apiv2][status] POST https://www.googleapis.com/oauth2/v3/token 400
[debug] [2025-07-01T14:23:57.802Z] <<< [apiv2][body] POST https://www.googleapis.com/oauth2/v3/token [omitted]
[debug] [2025-07-01T14:23:57.802Z] >>> [apiv2][query] POST https://cloudresourcemanager.googleapis.com/v1/projects/davidbuenov-d136c:testIamPermissions [none]
[debug] [2025-07-01T14:23:57.802Z] >>> [apiv2][(partial)header] POST https://cloudresourcemanager.googleapis.com/v1/projects/davidbuenov-d136c:testIamPermissions x-goog-quota-user=projects/davidbuenov-d136c
[debug] [2025-07-01T14:23:57.802Z] >>> [apiv2][body] POST https://cloudresourcemanager.googleapis.com/v1/projects/davidbuenov-d136c:testIamPermissions {"permissions":["firebase.projects.get","firebasehosting.sites.update"]}
[debug] [2025-07-01T14:23:58.439Z] <<< [apiv2][status] POST https://cloudresourcemanager.googleapis.com/v1/projects/davidbuenov-d136c:testIamPermissions 401
[debug] [2025-07-01T14:23:58.439Z] <<< [apiv2][body] POST https://cloudresourcemanager.googleapis.com/v1/projects/davidbuenov-d136c:testIamPermissions {"error":{"code":401,"message":"Request had invalid authentication credentials. Expected OAuth 2 access token, login cookie or other valid authentication credential. See https://developers.google.com/identity/sign-in/web/devconsole-project.","status":"UNAUTHENTICATED","details":[{"@type":"type.googleapis.com/google.rpc.ErrorInfo","reason":"ACCESS_TOKEN_TYPE_UNSUPPORTED","metadata":{"method":"google.cloudresourcemanager.v1.Projects.TestIamPermissions","service":"cloudresourcemanager.googleapis.com"}}]}}
[debug] [2025-07-01T14:23:58.439Z] Got a 401 Unauthenticated error for a call that required authentication. Refreshing tokens.
[debug] [2025-07-01T14:23:58.439Z] Checked if tokens are valid: false, expires at: 1738584029370
[debug] [2025-07-01T14:23:58.439Z] Checked if tokens are valid: false, expires at: 1738584029370
[debug] [2025-07-01T14:23:58.439Z] > refreshing access token with scopes: []
[debug] [2025-07-01T14:23:58.439Z] >>> [apiv2][query] POST https://www.googleapis.com/oauth2/v3/token [none]
[debug] [2025-07-01T14:23:58.439Z] >>> [apiv2][body] POST https://www.googleapis.com/oauth2/v3/token [omitted]
[debug] [2025-07-01T14:23:58.496Z] <<< [apiv2][status] POST https://www.googleapis.com/oauth2/v3/token 400
[debug] [2025-07-01T14:23:58.496Z] <<< [apiv2][body] POST https://www.googleapis.com/oauth2/v3/token [omitted]
[debug] [2025-07-01T14:23:58.496Z] [iam] error while checking permissions, command may fail: Request to https://cloudresourcemanager.googleapis.com/v1/projects/davidbuenov-d136c:testIamPermissions had HTTP Error: 401, Request had invalid authentication credentials. Expected OAuth 2 access token, login cookie or other valid authentication credential. See https://developers.google.com/identity/sign-in/web/devconsole-project.
[debug] [2025-07-01T14:23:58.497Z] Checked if tokens are valid: false, expires at: 1738584029370
[debug] [2025-07-01T14:23:58.497Z] Checked if tokens are valid: false, expires at: 1738584029370
[debug] [2025-07-01T14:23:58.497Z] > refreshing access token with scopes: []
[debug] [2025-07-01T14:23:58.497Z] >>> [apiv2][query] POST https://www.googleapis.com/oauth2/v3/token [none]
[debug] [2025-07-01T14:23:58.497Z] >>> [apiv2][body] POST https://www.googleapis.com/oauth2/v3/token [omitted]
[debug] [2025-07-01T14:23:58.553Z] <<< [apiv2][status] POST https://www.googleapis.com/oauth2/v3/token 400
[debug] [2025-07-01T14:23:58.553Z] <<< [apiv2][body] POST https://www.googleapis.com/oauth2/v3/token [omitted]
[debug] [2025-07-01T14:23:58.554Z] >>> [apiv2][query] GET https://firebase.googleapis.com/v1beta1/projects/davidbuenov-d136c [none]
[debug] [2025-07-01T14:23:58.671Z] <<< [apiv2][status] GET https://firebase.googleapis.com/v1beta1/projects/davidbuenov-d136c 401
[debug] [2025-07-01T14:23:58.671Z] <<< [apiv2][body] GET https://firebase.googleapis.com/v1beta1/projects/davidbuenov-d136c {"error":{"code":401,"message":"Request had invalid authentication credentials. Expected OAuth 2 access token, login cookie or other valid authentication credential. See https://developers.google.com/identity/sign-in/web/devconsole-project.","status":"UNAUTHENTICATED"}}
[debug] [2025-07-01T14:23:58.671Z] Got a 401 Unauthenticated error for a call that required authentication. Refreshing tokens.
[debug] [2025-07-01T14:23:58.671Z] Checked if tokens are valid: false, expires at: 1738584029370
[debug] [2025-07-01T14:23:58.671Z] Checked if tokens are valid: false, expires at: 1738584029370
[debug] [2025-07-01T14:23:58.671Z] > refreshing access token with scopes: []
[debug] [2025-07-01T14:23:58.671Z] >>> [apiv2][query] POST https://www.googleapis.com/oauth2/v3/token [none]
[debug] [2025-07-01T14:23:58.671Z] >>> [apiv2][body] POST https://www.googleapis.com/oauth2/v3/token [omitted]
[debug] [2025-07-01T14:23:58.722Z] <<< [apiv2][status] POST https://www.googleapis.com/oauth2/v3/token 400
[debug] [2025-07-01T14:23:58.722Z] <<< [apiv2][body] POST https://www.googleapis.com/oauth2/v3/token [omitted]
[debug] [2025-07-01T14:23:58.722Z] Request to https://firebase.googleapis.com/v1beta1/projects/davidbuenov-d136c had HTTP Error: 401, Request had invalid authentication credentials. Expected OAuth 2 access token, login cookie or other valid authentication credential. See https://developers.google.com/identity/sign-in/web/devconsole-project.
[error] 
[error] Error: Assertion failed: resolving hosting target of a site with no site name or target name. This should have caused an error earlier
